=~=~=~=~=~=~=~=~=~=~=~= MobaXterm log 2025.11.29 12:29:56 =~=~=~=~=~=~=~=~=~=~=~=
[0m     (0lqqqqqqqqqqqqqqqqqqqqqqqqqqqqqqqqqqqqqqqqqqqqqqqqqqqqqqqqqqqqqqqqqqqqk(B
     (0x(B                [1;32m(0`(B MobaXterm Personal Edition v25.3 (0`(B[0m                (0x(B
     (0x(B              [1;33m(X server, SSH client and network tools)[0m              (0x(B
     (0x(B                                                                    (0x(B
     (0x(B (0b(B Your computer drives are accessible through the [35m/drives[0m path     (0x(B
     (0x(B (0b(B Your DISPLAY is set to [35m192.168.0.37:0.0        [0m                  (0x(B
     (0x(B (0b(B When using [35mSSH[0m, your remote DISPLAY is automatically forwarded   (0x(B
     (0x(B (0b(B Each command status is specified by a special symbol ([1;32m(0d(B[0m or [31m(0e(B[0m)    (0x(B
     (0x(B                                                                    (0x(B
     (0x(B [31m(0`(B Important:[0m                                                       (0x(B
     (0x(B [36mThis is MobaXterm Personal Edition. The Professional edition[0m       (0x(B
     (0x(B [36mallows you to customize MobaXterm for your company: you can add[0m    (0x(B
     (0x(B [36myour own logo, your parameters, your welcome message and generate[0m  (0x(B
     (0x(B [36meither an MSI installation package or a portable executable.[0m       (0x(B
     (0x(B [36mWe can also modify MobaXterm or develop the plugins you need.[0m      (0x(B
     (0x(B [1;33mFor more information: [0m[35m[4mhttps://mobaxterm.mobatek.net/download.html[0m  (0x(B
     (0mqqqqqqqqqqqqqqqqqqqqqqqqqqqqqqqqqqqqqqqqqqqqqqqqqqqqqqqqqqqqqqqqqqqqj(B
]0;/home/mobaxterm
[44m[30m  2025-11-29 [42m[34m[30m  12:29.56 [0m[32m[43m[30m  /home/mobaxterm [m[0m[33m[0m 