=~=~=~=~=~=~=~=~=~=~=~= MobaXterm log 2025.11.18 14:52:55 =~=~=~=~=~=~=~=~=~=~=~=
[0m     (0lqqqqqqqqqqqqqqqqqqqqqqqqqqqqqqqqqqqqqqqqqqqqqqqqqqqqqqqqqqqqqqqqqqqqk(B
     (0x(B                [1;32m(0`(B MobaXterm Personal Edition v25.3 (0`(B[0m                (0x(B
     (0x(B              [1;33m(X server, SSH client and network tools)[0m              (0x(B
     (0x(B                                                                    (0x(B
     (0x(B (0b(B Your computer drives are accessible through the [35m/drives[0m path     (0x(B
     (0x(B (0b(B Your DISPLAY is set to [35m10.194.160.158:0.0      [0m                  (0x(B
     (0x(B (0b(B When using [35mSSH[0m, your remote DISPLAY is automatically forwarded   (0x(B
     (0x(B (0b(B Each command status is specified by a special symbol ([1;32m(0d(B[0m or [31m(0e(B[0m)    (0x(B
     (0x(B                                                                    (0x(B
     (0x(B [31m(0`(B Important:[0m                                                       (0x(B
     (0x(B [36mThis is MobaXterm Personal Edition. The Professional edition[0m       (0x(B
     (0x(B [36mallows you to customize MobaXterm for your company: you can add[0m    (0x(B
     (0x(B [36myour own logo, your parameters, your welcome message and generate[0m  (0x(B
     (0x(B [36meither an MSI installation package or a portable executable.[0m       (0x(B
     (0x(B [36mWe can also modify MobaXterm or develop the plugins you need.[0m      (0x(B
     (0x(B [1;33mFor more information: [0m[35m[4mhttps://mobaxterm.mobatek.net/download.html[0m  (0x(B
     (0mqqqqqqqqqqqqqqqqqqqqqqqqqqqqqqqqqqqqqqqqqqqqqqqqqqqqqqqqqqqqqqqqqqqqj(B

[32mUpdating packages list, please wait...[0m



[4;1mDISCLAIMER:[0m

This will download and install third-party software packages, distributed by
the Cygwin Project, from online Cygwin repositories.
These software packages are distributed under their own terms available here:
http://ctm.crouchingtigerhiddenfruitbat.org/pub/cygwin/circa/64bit/2025/01/23/154329/x86_64/release
Third-party software packages are neither developed nor distributed by Mobatek.
In no event shall Mobatek be liable for any direct, indirect, incidental,
special, exemplary, or consequential damages (including, but not limited to,
procurement of substitute goods or services, loss of data or profits, computer
virus infection, or business interruption) however caused and on any theory of
liability, whether in contract, strict liability, or tort (including negligence
or otherwise) arising in any way out of the use of these third-party software
packages, even if advised of the possibility of such damage.
By typing "y", you agree to use these third-party programs at your own risks.

Type "y" to continue or any other key to exit: 